<?xml version="1.0" encoding="UTF-8"?>
<!-- Generated by org.testng.reporters.JUnitReportReporter -->
<testsuite hostname="Ameets-MacBook-Pro.local" name="apiTesting.JacsonAPITest" tests="1" failures="0" timestamp="5 Jul 2017 23:48:31 GMT" time="0.293" errors="0">
  <testcase name="test_01" time="0.293" classname="apiTesting.JacsonAPITest"/>
</testsuite> <!-- apiTesting.JacsonAPITest -->
